D:\PROJECT\APPTEMPLATE\APPTEMPLATE\DEBUG\APPTEMPLATE.EXE.EMBED.MANIFEST
D:\PROJECT\APPTEMPLATE\APPTEMPLATE\DEBUG\APPTEMPLATE.EXE.EMBED.MANIFEST.RES
D:\PROJECT\APPTEMPLATE\APPTEMPLATE\DEBUG\APPTEMPLATE.EXE.INTERMEDIATE.MANIFEST
D:\PROJECT\APPTEMPLATE\APPTEMPLATE\DEBUG\APPTEMPLATE.OBJ
D:\PROJECT\APPTEMPLATE\APPTEMPLATE\DEBUG\APPTEMPLATE.PCH
D:\PROJECT\APPTEMPLATE\APPTEMPLATE\DEBUG\APPTEMPLATE.RES
D:\PROJECT\APPTEMPLATE\APPTEMPLATE\DEBUG\APPTEMPLATEDLG.OBJ
D:\PROJECT\APPTEMPLATE\APPTEMPLATE\DEBUG\MASKWINDOW.OBJ
D:\PROJECT\APPTEMPLATE\APPTEMPLATE\DEBUG\MYBUTTON.OBJ
D:\PROJECT\APPTEMPLATE\APPTEMPLATE\DEBUG\STDAFX.OBJ
D:\PROJECT\APPTEMPLATE\APPTEMPLATE\DEBUG\VC100.PDB
D:\PROJECT\APPTEMPLATE\DEBUG\APPTEMPLATE.EXE
D:\PROJECT\APPTEMPLATE\DEBUG\APPTEMPLATE.ILK
D:\PROJECT\APPTEMPLATE\DEBUG\APPTEMPLATE.PDB
D:\project\康佳实验平台\APPTEMPLATE\Debug\APPTEMPLATE.exe.embed.manifest
D:\project\康佳实验平台\APPTEMPLATE\Debug\APPTEMPLATE.exe.embed.manifest.res
D:\project\康佳实验平台\APPTEMPLATE\Debug\APPTEMPLATE.exe.intermediate.manifest
D:\PROJECT\康佳实验平台\APPTEMPLATE\DEBUG\APPTEMPLATE.OBJ
D:\PROJECT\康佳实验平台\APPTEMPLATE\DEBUG\APPTEMPLATE.PCH
D:\project\康佳实验平台\APPTEMPLATE\Debug\APPTEMPLATE.res
D:\project\康佳实验平台\APPTEMPLATE\Debug\APPTEMPLATE.vcxprojResolveAssemblyReference.cache
D:\project\康佳实验平台\APPTEMPLATE\Debug\APPTEMPLATE.write.1.tlog
D:\project\康佳实验平台\APPTEMPLATE\Debug\APPTEMPLATE_manifest.rc
D:\project\康佳实验平台\APPTEMPLATE\Debug\cl.command.1.tlog
D:\project\康佳实验平台\APPTEMPLATE\Debug\CL.read.1.tlog
D:\project\康佳实验平台\APPTEMPLATE\Debug\CL.write.1.tlog
D:\project\康佳实验平台\APPTEMPLATE\Debug\link.10736.read.1.tlog
D:\project\康佳实验平台\APPTEMPLATE\Debug\link.10736.write.1.tlog
D:\project\康佳实验平台\APPTEMPLATE\Debug\link.10736-cvtres.read.1.tlog
D:\project\康佳实验平台\APPTEMPLATE\Debug\link.10736-cvtres.write.1.tlog
D:\project\康佳实验平台\APPTEMPLATE\Debug\link.12108.read.1.tlog
D:\project\康佳实验平台\APPTEMPLATE\Debug\link.12108.write.1.tlog
D:\project\康佳实验平台\APPTEMPLATE\Debug\link.12108-cvtres.read.1.tlog
D:\project\康佳实验平台\APPTEMPLATE\Debug\link.12108-cvtres.write.1.tlog
D:\project\康佳实验平台\APPTEMPLATE\Debug\link.12292.read.1.tlog
D:\project\康佳实验平台\APPTEMPLATE\Debug\link.12292.write.1.tlog
D:\project\康佳实验平台\APPTEMPLATE\Debug\link.12292-cvtres.read.1.tlog
D:\project\康佳实验平台\APPTEMPLATE\Debug\link.12292-cvtres.write.1.tlog
D:\project\康佳实验平台\APPTEMPLATE\Debug\link.12720.read.1.tlog
D:\project\康佳实验平台\APPTEMPLATE\Debug\link.12720.write.1.tlog
D:\project\康佳实验平台\APPTEMPLATE\Debug\link.12720-cvtres.read.1.tlog
D:\project\康佳实验平台\APPTEMPLATE\Debug\link.12720-cvtres.write.1.tlog
D:\project\康佳实验平台\APPTEMPLATE\Debug\link.13532.read.1.tlog
D:\project\康佳实验平台\APPTEMPLATE\Debug\link.13532.write.1.tlog
D:\project\康佳实验平台\APPTEMPLATE\Debug\link.13532-cvtres.read.1.tlog
D:\project\康佳实验平台\APPTEMPLATE\Debug\link.13532-cvtres.write.1.tlog
D:\project\康佳实验平台\APPTEMPLATE\Debug\link.13620.read.1.tlog
D:\project\康佳实验平台\APPTEMPLATE\Debug\link.13620.write.1.tlog
D:\project\康佳实验平台\APPTEMPLATE\Debug\link.13620-cvtres.read.1.tlog
D:\project\康佳实验平台\APPTEMPLATE\Debug\link.13620-cvtres.write.1.tlog
D:\project\康佳实验平台\APPTEMPLATE\Debug\link.13816.read.1.tlog
D:\project\康佳实验平台\APPTEMPLATE\Debug\link.13816.write.1.tlog
D:\project\康佳实验平台\APPTEMPLATE\Debug\link.13816-cvtres.read.1.tlog
D:\project\康佳实验平台\APPTEMPLATE\Debug\link.13816-cvtres.write.1.tlog
D:\project\康佳实验平台\APPTEMPLATE\Debug\link.14208.read.1.tlog
D:\project\康佳实验平台\APPTEMPLATE\Debug\link.14208.write.1.tlog
D:\project\康佳实验平台\APPTEMPLATE\Debug\link.14208-cvtres.read.1.tlog
D:\project\康佳实验平台\APPTEMPLATE\Debug\link.14208-cvtres.write.1.tlog
D:\project\康佳实验平台\APPTEMPLATE\Debug\link.14676.read.1.tlog
D:\project\康佳实验平台\APPTEMPLATE\Debug\link.14676.write.1.tlog
D:\project\康佳实验平台\APPTEMPLATE\Debug\link.14676-cvtres.read.1.tlog
D:\project\康佳实验平台\APPTEMPLATE\Debug\link.14676-cvtres.write.1.tlog
D:\project\康佳实验平台\APPTEMPLATE\Debug\link.14720.read.1.tlog
D:\project\康佳实验平台\APPTEMPLATE\Debug\link.14720.write.1.tlog
D:\project\康佳实验平台\APPTEMPLATE\Debug\link.14720-cvtres.read.1.tlog
D:\project\康佳实验平台\APPTEMPLATE\Debug\link.14720-cvtres.write.1.tlog
D:\project\康佳实验平台\APPTEMPLATE\Debug\link.15300.read.1.tlog
D:\project\康佳实验平台\APPTEMPLATE\Debug\link.15300.write.1.tlog
D:\project\康佳实验平台\APPTEMPLATE\Debug\link.15300-cvtres.read.1.tlog
D:\project\康佳实验平台\APPTEMPLATE\Debug\link.15300-cvtres.write.1.tlog
D:\project\康佳实验平台\APPTEMPLATE\Debug\link.15816.read.1.tlog
D:\project\康佳实验平台\APPTEMPLATE\Debug\link.15816.write.1.tlog
D:\project\康佳实验平台\APPTEMPLATE\Debug\link.15816-cvtres.read.1.tlog
D:\project\康佳实验平台\APPTEMPLATE\Debug\link.15816-cvtres.write.1.tlog
D:\project\康佳实验平台\APPTEMPLATE\Debug\link.16656.read.1.tlog
D:\project\康佳实验平台\APPTEMPLATE\Debug\link.16656.write.1.tlog
D:\project\康佳实验平台\APPTEMPLATE\Debug\link.16656-cvtres.read.1.tlog
D:\project\康佳实验平台\APPTEMPLATE\Debug\link.16656-cvtres.write.1.tlog
D:\project\康佳实验平台\APPTEMPLATE\Debug\link.17032.read.1.tlog
D:\project\康佳实验平台\APPTEMPLATE\Debug\link.17032.write.1.tlog
D:\project\康佳实验平台\APPTEMPLATE\Debug\link.17032-cvtres.read.1.tlog
D:\project\康佳实验平台\APPTEMPLATE\Debug\link.17032-cvtres.write.1.tlog
D:\project\康佳实验平台\APPTEMPLATE\Debug\link.17108.read.1.tlog
D:\project\康佳实验平台\APPTEMPLATE\Debug\link.17108.write.1.tlog
D:\project\康佳实验平台\APPTEMPLATE\Debug\link.17108-cvtres.read.1.tlog
D:\project\康佳实验平台\APPTEMPLATE\Debug\link.17108-cvtres.write.1.tlog
D:\project\康佳实验平台\APPTEMPLATE\Debug\link.17116.read.1.tlog
D:\project\康佳实验平台\APPTEMPLATE\Debug\link.17116.write.1.tlog
D:\project\康佳实验平台\APPTEMPLATE\Debug\link.17116-cvtres.read.1.tlog
D:\project\康佳实验平台\APPTEMPLATE\Debug\link.17116-cvtres.write.1.tlog
D:\project\康佳实验平台\APPTEMPLATE\Debug\link.17584.read.1.tlog
D:\project\康佳实验平台\APPTEMPLATE\Debug\link.17584.write.1.tlog
D:\project\康佳实验平台\APPTEMPLATE\Debug\link.17584-cvtres.read.1.tlog
D:\project\康佳实验平台\APPTEMPLATE\Debug\link.17584-cvtres.write.1.tlog
D:\project\康佳实验平台\APPTEMPLATE\Debug\link.17744.read.1.tlog
D:\project\康佳实验平台\APPTEMPLATE\Debug\link.17744.write.1.tlog
D:\project\康佳实验平台\APPTEMPLATE\Debug\link.17744-cvtres.read.1.tlog
D:\project\康佳实验平台\APPTEMPLATE\Debug\link.17744-cvtres.write.1.tlog
D:\project\康佳实验平台\APPTEMPLATE\Debug\link.21584.read.1.tlog
D:\project\康佳实验平台\APPTEMPLATE\Debug\link.21584.write.1.tlog
D:\project\康佳实验平台\APPTEMPLATE\Debug\link.21584-cvtres.read.1.tlog
D:\project\康佳实验平台\APPTEMPLATE\Debug\link.21584-cvtres.write.1.tlog
D:\project\康佳实验平台\APPTEMPLATE\Debug\link.21820.read.1.tlog
D:\project\康佳实验平台\APPTEMPLATE\Debug\link.21820.write.1.tlog
D:\project\康佳实验平台\APPTEMPLATE\Debug\link.21820-cvtres.read.1.tlog
D:\project\康佳实验平台\APPTEMPLATE\Debug\link.21820-cvtres.write.1.tlog
D:\project\康佳实验平台\APPTEMPLATE\Debug\link.22768.read.1.tlog
D:\project\康佳实验平台\APPTEMPLATE\Debug\link.22768.write.1.tlog
D:\project\康佳实验平台\APPTEMPLATE\Debug\link.22768-cvtres.read.1.tlog
D:\project\康佳实验平台\APPTEMPLATE\Debug\link.22768-cvtres.write.1.tlog
D:\project\康佳实验平台\APPTEMPLATE\Debug\link.23376.read.1.tlog
D:\project\康佳实验平台\APPTEMPLATE\Debug\link.23376.write.1.tlog
D:\project\康佳实验平台\APPTEMPLATE\Debug\link.23376-cvtres.read.1.tlog
D:\project\康佳实验平台\APPTEMPLATE\Debug\link.23376-cvtres.write.1.tlog
D:\project\康佳实验平台\APPTEMPLATE\Debug\link.23516.read.1.tlog
D:\project\康佳实验平台\APPTEMPLATE\Debug\link.23516.write.1.tlog
D:\project\康佳实验平台\APPTEMPLATE\Debug\link.23516-cvtres.read.1.tlog
D:\project\康佳实验平台\APPTEMPLATE\Debug\link.23516-cvtres.write.1.tlog
D:\project\康佳实验平台\APPTEMPLATE\Debug\link.24564.read.1.tlog
D:\project\康佳实验平台\APPTEMPLATE\Debug\link.24564.write.1.tlog
D:\project\康佳实验平台\APPTEMPLATE\Debug\link.24564-cvtres.read.1.tlog
D:\project\康佳实验平台\APPTEMPLATE\Debug\link.24564-cvtres.write.1.tlog
D:\project\康佳实验平台\APPTEMPLATE\Debug\link.24904.read.1.tlog
D:\project\康佳实验平台\APPTEMPLATE\Debug\link.24904.write.1.tlog
D:\project\康佳实验平台\APPTEMPLATE\Debug\link.24904-cvtres.read.1.tlog
D:\project\康佳实验平台\APPTEMPLATE\Debug\link.24904-cvtres.write.1.tlog
D:\project\康佳实验平台\APPTEMPLATE\Debug\link.25068.read.1.tlog
D:\project\康佳实验平台\APPTEMPLATE\Debug\link.25068.write.1.tlog
D:\project\康佳实验平台\APPTEMPLATE\Debug\link.25068-cvtres.read.1.tlog
D:\project\康佳实验平台\APPTEMPLATE\Debug\link.25068-cvtres.write.1.tlog
D:\project\康佳实验平台\APPTEMPLATE\Debug\link.25484.read.1.tlog
D:\project\康佳实验平台\APPTEMPLATE\Debug\link.25484.write.1.tlog
D:\project\康佳实验平台\APPTEMPLATE\Debug\link.25484-cvtres.read.1.tlog
D:\project\康佳实验平台\APPTEMPLATE\Debug\link.25484-cvtres.write.1.tlog
D:\project\康佳实验平台\APPTEMPLATE\Debug\link.25512.read.1.tlog
D:\project\康佳实验平台\APPTEMPLATE\Debug\link.25512.write.1.tlog
D:\project\康佳实验平台\APPTEMPLATE\Debug\link.25512-cvtres.read.1.tlog
D:\project\康佳实验平台\APPTEMPLATE\Debug\link.25512-cvtres.write.1.tlog
D:\project\康佳实验平台\APPTEMPLATE\Debug\link.26372.read.1.tlog
D:\project\康佳实验平台\APPTEMPLATE\Debug\link.26372.write.1.tlog
D:\project\康佳实验平台\APPTEMPLATE\Debug\link.26372-cvtres.read.1.tlog
D:\project\康佳实验平台\APPTEMPLATE\Debug\link.26372-cvtres.write.1.tlog
D:\project\康佳实验平台\APPTEMPLATE\Debug\link.27252.read.1.tlog
D:\project\康佳实验平台\APPTEMPLATE\Debug\link.27252.write.1.tlog
D:\project\康佳实验平台\APPTEMPLATE\Debug\link.27252-cvtres.read.1.tlog
D:\project\康佳实验平台\APPTEMPLATE\Debug\link.27252-cvtres.write.1.tlog
D:\project\康佳实验平台\APPTEMPLATE\Debug\link.28220.read.1.tlog
D:\project\康佳实验平台\APPTEMPLATE\Debug\link.28220.write.1.tlog
D:\project\康佳实验平台\APPTEMPLATE\Debug\link.28220-cvtres.read.1.tlog
D:\project\康佳实验平台\APPTEMPLATE\Debug\link.28220-cvtres.write.1.tlog
D:\project\康佳实验平台\APPTEMPLATE\Debug\link.28396.read.1.tlog
D:\project\康佳实验平台\APPTEMPLATE\Debug\link.28396.write.1.tlog
D:\project\康佳实验平台\APPTEMPLATE\Debug\link.28396-cvtres.read.1.tlog
D:\project\康佳实验平台\APPTEMPLATE\Debug\link.28396-cvtres.write.1.tlog
D:\project\康佳实验平台\APPTEMPLATE\Debug\link.29308.read.1.tlog
D:\project\康佳实验平台\APPTEMPLATE\Debug\link.29308.write.1.tlog
D:\project\康佳实验平台\APPTEMPLATE\Debug\link.29308-cvtres.read.1.tlog
D:\project\康佳实验平台\APPTEMPLATE\Debug\link.29308-cvtres.write.1.tlog
D:\project\康佳实验平台\APPTEMPLATE\Debug\link.29564.read.1.tlog
D:\project\康佳实验平台\APPTEMPLATE\Debug\link.29564.write.1.tlog
D:\project\康佳实验平台\APPTEMPLATE\Debug\link.29564-cvtres.read.1.tlog
D:\project\康佳实验平台\APPTEMPLATE\Debug\link.29564-cvtres.write.1.tlog
D:\project\康佳实验平台\APPTEMPLATE\Debug\link.31276.read.1.tlog
D:\project\康佳实验平台\APPTEMPLATE\Debug\link.31276.write.1.tlog
D:\project\康佳实验平台\APPTEMPLATE\Debug\link.31276-cvtres.read.1.tlog
D:\project\康佳实验平台\APPTEMPLATE\Debug\link.31276-cvtres.write.1.tlog
D:\project\康佳实验平台\APPTEMPLATE\Debug\link.32460.read.1.tlog
D:\project\康佳实验平台\APPTEMPLATE\Debug\link.32460.write.1.tlog
D:\project\康佳实验平台\APPTEMPLATE\Debug\link.32460-cvtres.read.1.tlog
D:\project\康佳实验平台\APPTEMPLATE\Debug\link.32460-cvtres.write.1.tlog
D:\project\康佳实验平台\APPTEMPLATE\Debug\link.34364.read.1.tlog
D:\project\康佳实验平台\APPTEMPLATE\Debug\link.34364.write.1.tlog
D:\project\康佳实验平台\APPTEMPLATE\Debug\link.34364-cvtres.read.1.tlog
D:\project\康佳实验平台\APPTEMPLATE\Debug\link.34364-cvtres.write.1.tlog
D:\project\康佳实验平台\APPTEMPLATE\Debug\link.34696.read.1.tlog
D:\project\康佳实验平台\APPTEMPLATE\Debug\link.34696.write.1.tlog
D:\project\康佳实验平台\APPTEMPLATE\Debug\link.34696-cvtres.read.1.tlog
D:\project\康佳实验平台\APPTEMPLATE\Debug\link.34696-cvtres.write.1.tlog
D:\project\康佳实验平台\APPTEMPLATE\Debug\link.34828.read.1.tlog
D:\project\康佳实验平台\APPTEMPLATE\Debug\link.34828.write.1.tlog
D:\project\康佳实验平台\APPTEMPLATE\Debug\link.34828-cvtres.read.1.tlog
D:\project\康佳实验平台\APPTEMPLATE\Debug\link.34828-cvtres.write.1.tlog
D:\project\康佳实验平台\APPTEMPLATE\Debug\link.35520.read.1.tlog
D:\project\康佳实验平台\APPTEMPLATE\Debug\link.35520.write.1.tlog
D:\project\康佳实验平台\APPTEMPLATE\Debug\link.35520-cvtres.read.1.tlog
D:\project\康佳实验平台\APPTEMPLATE\Debug\link.35520-cvtres.write.1.tlog
D:\project\康佳实验平台\APPTEMPLATE\Debug\link.35664.read.1.tlog
D:\project\康佳实验平台\APPTEMPLATE\Debug\link.35664.write.1.tlog
D:\project\康佳实验平台\APPTEMPLATE\Debug\link.35664-cvtres.read.1.tlog
D:\project\康佳实验平台\APPTEMPLATE\Debug\link.35664-cvtres.write.1.tlog
D:\project\康佳实验平台\APPTEMPLATE\Debug\link.820.read.1.tlog
D:\project\康佳实验平台\APPTEMPLATE\Debug\link.820.write.1.tlog
D:\project\康佳实验平台\APPTEMPLATE\Debug\link.820-cvtres.read.1.tlog
D:\project\康佳实验平台\APPTEMPLATE\Debug\link.820-cvtres.write.1.tlog
D:\project\康佳实验平台\APPTEMPLATE\Debug\link.command.1.tlog
D:\project\康佳实验平台\APPTEMPLATE\Debug\link.read.1.tlog
D:\project\康佳实验平台\APPTEMPLATE\Debug\link.write.1.tlog
D:\project\康佳实验平台\APPTEMPLATE\Debug\link-cvtres.read.1.tlog
D:\project\康佳实验平台\APPTEMPLATE\Debug\link-cvtres.write.1.tlog
D:\PROJECT\康佳实验平台\APPTEMPLATE\DEBUG\MASKWINDOW.OBJ
D:\project\康佳实验平台\APPTEMPLATE\Debug\mt.command.1.tlog
D:\project\康佳实验平台\APPTEMPLATE\Debug\mt.read.1.tlog
D:\project\康佳实验平台\APPTEMPLATE\Debug\mt.write.1.tlog
D:\PROJECT\康佳实验平台\APPTEMPLATE\DEBUG\MYBUTTON.OBJ
D:\project\康佳实验平台\APPTEMPLATE\Debug\rc.command.1.tlog
D:\project\康佳实验平台\APPTEMPLATE\Debug\rc.read.1.tlog
D:\project\康佳实验平台\APPTEMPLATE\Debug\rc.write.1.tlog
D:\PROJECT\康佳实验平台\APPTEMPLATE\DEBUG\STDAFX.OBJ
D:\project\康佳实验平台\APPTEMPLATE\Debug\vc100.idb
D:\PROJECT\康佳实验平台\APPTEMPLATE\DEBUG\VC100.PDB
D:\project\康佳实验平台\Debug\APPTEMPLATE.exe
D:\project\康佳实验平台\Debug\APPTEMPLATE.ilk
D:\project\康佳实验平台\Debug\APPTEMPLATE.pdb
