生成启动时间为 2017/7/4 16:50:49。
     1>项目“D:\project\康佳实验平台\APPTEMPLATE\APPTEMPLATE.vcxproj”在节点 2 上(build 个目标)。
     1>InitializeBuildStatus:
         正在创建“Debug\APPTEMPLATE.unsuccessfulbuild”，因为已指定“AlwaysCreate”。
       ClCompile:
         所有输出均为最新。
         d:\app\Program Files (x86)\Microsoft Visual Studio 10.0\VC\bin\CL.exe /c /ZI /nologo /W3 /WX- /Od /Oy- /D WIN32 /D _WINDOWS /D _DEBUG /D _MBCS /D _AFXDLL /Gm /EHsc /RTC1 /MDd /GS /fp:precise /Zc:wchar_t /Zc:forScope /Yu"StdAfx.h" /Fp"Debug\APPTEMPLATE.pch" /Fo"Debug\\" /Fd"Debug\vc100.pdb" /Gd /TP /analyze- /errorReport:prompt APPTEMPLATEDlg.cpp
         APPTEMPLATEDlg.cpp
     1>d:\project\康佳实验平台\apptemplate\apptemplatedlg.cpp(29): warning C4553: “==”: 运算符不起任何作用；是否是有意使用“=”的?
     1>d:\project\康佳实验平台\apptemplate\apptemplatedlg.cpp(91): warning C4244: “参数”: 从“double”转换到“int”，可能丢失数据
     1>d:\project\康佳实验平台\apptemplate\apptemplatedlg.cpp(91): warning C4244: “参数”: 从“double”转换到“int”，可能丢失数据
     1>d:\project\康佳实验平台\apptemplate\apptemplatedlg.cpp(92): warning C4244: “参数”: 从“double”转换到“int”，可能丢失数据
     1>d:\project\康佳实验平台\apptemplate\apptemplatedlg.cpp(92): warning C4244: “参数”: 从“double”转换到“int”，可能丢失数据
     1>d:\project\康佳实验平台\apptemplate\apptemplatedlg.cpp(93): warning C4244: “参数”: 从“double”转换到“int”，可能丢失数据
     1>d:\project\康佳实验平台\apptemplate\apptemplatedlg.cpp(93): warning C4244: “参数”: 从“double”转换到“int”，可能丢失数据
       ResourceCompile:
         所有输出均为最新。
       ManifestResourceCompile:
         所有输出均为最新。
       Link:
         d:\app\Program Files (x86)\Microsoft Visual Studio 10.0\VC\bin\link.exe /ERRORREPORT:PROMPT /OUT:"D:\project\康佳实验平台\Debug\APPTEMPLATE.exe" /INCREMENTAL /NOLOGO /MANIFEST /ManifestFile:"Debug\APPTEMPLATE.exe.intermediate.manifest" /MANIFESTUAC:"level='asInvoker' uiAccess='false'" /DEBUG /PDB:"D:\project\康佳实验平台\Debug\APPTEMPLATE.pdb" /SUBSYSTEM:WINDOWS /TLBID:1 /DYNAMICBASE /NXCOMPAT /IMPLIB:"D:\project\康佳实验平台\Debug\APPTEMPLATE.lib" /MACHINE:X86 Debug\APPTEMPLATE.res
         Debug\APPTEMPLATE.exe.embed.manifest.res
         Debug\APPTEMPLATE.obj
         Debug\APPTEMPLATEDlg.obj
         Debug\stdafx.obj
         Debug\MaskWindow.obj
         Debug\MyButton.obj
       Manifest:
         C:\Program Files (x86)\Microsoft SDKs\Windows\v7.0A\bin\mt.exe /nologo /verbose /out:"Debug\APPTEMPLATE.exe.embed.manifest" /manifest Debug\APPTEMPLATE.exe.intermediate.manifest "d:\app\Program Files (x86)\Microsoft Visual Studio 10.0\VC\Include\Manifest\dpiaware.manifest"
         所有输出均为最新。
       LinkEmbedManifest:
         所有输出均为最新。
         APPTEMPLATE.vcxproj -> D:\project\康佳实验平台\Debug\APPTEMPLATE.exe
       FinalizeBuildStatus:
         正在删除文件“Debug\APPTEMPLATE.unsuccessfulbuild”。
         正在对“Debug\APPTEMPLATE.lastbuildstate”执行 Touch 任务。
     1>已完成生成项目“D:\project\康佳实验平台\APPTEMPLATE\APPTEMPLATE.vcxproj”(build 个目标)的操作。

生成成功。

已用时间 00:00:00.53
